<?xml version="1.0" encoding="UTF-8"?>
<!-- Generated by org.testng.reporters.JUnitReportReporter -->
<testsuite skipped="0" hostname="DESKTOP-K9CM3ST" name="katalon.test.KatalonTest" tests="1" failures="0" timestamp="03 dic 2021 09:37:56 GMT" time="4.097" errors="0">
  <testcase name="goToMakeAppointment" time="4.097" classname="katalon.test.KatalonTest"/>
</testsuite> <!-- katalon.test.KatalonTest -->
