<?xml version="1.0" encoding="UTF-8"?>
<!-- Generated by org.testng.reporters.JUnitReportReporter -->
<testsuite skipped="0" hostname="DESKTOP-K9CM3ST" name="everis.test.TestCaseEveris" tests="1" failures="0" timestamp="02 dic 2021 11:52:25 GMT" time="9.106" errors="0">
  <testcase name="searchNavigateOpenFind" time="9.106" classname="everis.test.TestCaseEveris"/>
</testsuite> <!-- everis.test.TestCaseEveris -->
