<?xml version="1.0" encoding="UTF-8"?>
<!-- Generated by org.testng.reporters.JUnitReportReporter -->
<testsuite skipped="3" hostname="DESKTOP-K9CM3ST" name="selenium.TestNG1" tests="4" failures="0" timestamp="02 dic 2021 10:05:50 GMT" time="3.876" errors="0">
  <testcase name="login" time="3.876" classname="selenium.TestNG1"/>
  <testcase name="pruebaPrimera" classname="selenium.TestNG1">
    <skipped/>
  </testcase> <!-- pruebaPrimera -->
  <testcase name="fillForm" classname="selenium.TestNG1">
    <skipped/>
  </testcase> <!-- fillForm -->
  <testcase name="pruebaSegunda" classname="selenium.TestNG1">
    <skipped/>
  </testcase> <!-- pruebaSegunda -->
</testsuite> <!-- selenium.TestNG1 -->
